\BOOKMARK [1][]{bookmark:Abstract-Chinese.1}{\376\377\144\130\211\201}{}% 1
\BOOKMARK [1][]{bookmark:Abstract.1}{Abstract}{}% 2
\BOOKMARK [1][]{bookmark:Contents.1}{Contents}{}% 3
\BOOKMARK [0][]{section*.3}{List\040of\040Figures}{}% 4
\BOOKMARK [0][]{section*.4}{List\040of\040Tables}{}% 5
\BOOKMARK [0][]{section*.5}{List\040of\040Equations}{}% 6
\BOOKMARK [0][]{section*.6}{List\040of\040Abbreviations}{}% 7
\BOOKMARK [0][]{chapter.1}{Chapter\0401\040\040Introduction}{}% 8
\BOOKMARK [1][]{section.1.1}{1.1\040Research\040Background}{chapter.1}% 9
\BOOKMARK [1][]{section.1.2}{1.2\040Research\040Questions\040and\040Objectives}{chapter.1}% 10
\BOOKMARK [1][]{section.1.3}{1.3\040The\040Empirical\040Setting:\040China's\040A-Share\040Market\040and\040MSCI\040Index\040Inclusion}{chapter.1}% 11
\BOOKMARK [1][]{section.1.4}{1.4\040Overview\040of\040Research\040Design\040and\040Data}{chapter.1}% 12
\BOOKMARK [1][]{section.1.5}{1.5\040Significance\040of\040Research}{chapter.1}% 13
\BOOKMARK [1][]{section.1.6}{1.6\040Thesis\040Structure}{chapter.1}% 14
\BOOKMARK [0][]{chapter.2}{Chapter\0402\040\040Literature\040Review}{}% 15
\BOOKMARK [1][]{section.2.1}{2.1\040Capital\040Market\040Liberalization:\040Theory\040and\040Evidence}{chapter.2}% 16
\BOOKMARK [2][]{subsection.2.1.1}{2.1.1\040Theoretical\040Foundations\040of\040Financial\040Liberalization}{section.2.1}% 17
\BOOKMARK [2][]{subsection.2.1.2}{2.1.2\040Effects\040on\040Corporate\040Investment,\040Innovation,\040and\040Governance}{section.2.1}% 18
\BOOKMARK [2][]{subsection.2.1.3}{2.1.3\040Evidence\040from\040Emerging\040Market\040Contexts}{section.2.1}% 19
\BOOKMARK [1][]{section.2.2}{2.2\040Digital\040Transformation:\040Conceptual\040Framework\040and\040Determinants}{chapter.2}% 20
\BOOKMARK [2][]{subsection.2.2.1}{2.2.1\040Defining\040Digital\040Transformation:\040Technological\040and\040Organizational\040Dimensions}{section.2.2}% 21
\BOOKMARK [2][]{subsection.2.2.2}{2.2.2\040Core\040Technology\040Domains:\040AI,\040Big\040Data,\040Cloud\040Computing,\040IoT,\040and\040Blockchain}{section.2.2}% 22
\BOOKMARK [2][]{subsection.2.2.3}{2.2.3\040Drivers,\040Barriers,\040and\040Firm-Level\040Heterogeneity}{section.2.2}% 23
\BOOKMARK [2][]{subsection.2.2.4}{2.2.4\040Digital\040Transformation\040in\040Emerging\040Markets:\040Opportunities\040and\040Constraints}{section.2.2}% 24
\BOOKMARK [1][]{section.2.3}{2.3\040Mechanisms\040Linking\040Capital\040Market\040Liberalization\040to\040Digital\040Transformation}{chapter.2}% 25
\BOOKMARK [2][]{subsection.2.3.1}{2.3.1\040The\040Financing\040Constraint\040Channel}{section.2.3}% 26
\BOOKMARK [2][]{subsection.2.3.2}{2.3.2\040Corporate\040Governance\040and\040International\040Investor\040Monitoring}{section.2.3}% 27
\BOOKMARK [2][]{subsection.2.3.3}{2.3.3\040Knowledge\040Spillovers\040and\040Global\040Best\040Practice\040Diffusion}{section.2.3}% 28
\BOOKMARK [2][]{subsection.2.3.4}{2.3.4\040Market\040Signaling,\040Certification,\040and\040Reputational\040Effects}{section.2.3}% 29
\BOOKMARK [1][]{section.2.4}{2.4\040Text-Based\040Measurement\040of\040Firm\040Characteristics}{chapter.2}% 30
\BOOKMARK [2][]{subsection.2.4.1}{2.4.1\040Computational\040Approaches\040in\040Corporate\040Finance\040and\040Economics}{section.2.4}% 31
\BOOKMARK [2][]{subsection.2.4.2}{2.4.2\040NLP-Based\040Measurement\040of\040Innovation\040and\040Digital\040Activity}{section.2.4}% 32
\BOOKMARK [2][]{subsection.2.4.3}{2.4.3\040Validation\040Strategies\040for\040Text-Derived\040Indices}{section.2.4}% 33
\BOOKMARK [2][]{subsection.2.4.4}{2.4.4\040Challenges\040in\040Chinese-Language\040Disclosure\040Environments}{section.2.4}% 34
\BOOKMARK [1][]{section.2.5}{2.5\040Research\040Gaps\040and\040Positioning\040of\040This\040Study}{chapter.2}% 35
\BOOKMARK [0][]{chapter.3}{Chapter\0403\040\040Institutional\040Background\040and\040Hypothesis\040Development}{}% 36
\BOOKMARK [1][]{section.3.1}{3.1\040China's\040Capital\040Market\040Structure\040Prior\040to\040Liberalization}{chapter.3}% 37
\BOOKMARK [2][]{subsection.3.1.1}{3.1.1\040The\040A-Share\040Market\040and\040Domestic\040Investor\040Segmentation}{section.3.1}% 38
\BOOKMARK [2][]{subsection.3.1.2}{3.1.2\040Stock\040Connect\040Programs\040as\040the\040Technical\040Infrastructure\040for\040Liberalization}{section.3.1}% 39
\BOOKMARK [1][]{section.3.2}{3.2\040The\040MSCI\040Emerging\040Markets\040Index\040and\040the\040A-Share\040Inclusion\040Process}{chapter.3}% 40
\BOOKMARK [2][]{subsection.3.2.1}{3.2.1\040MSCI\040as\040a\040Global\040Benchmark:\040Scale,\040Influence,\040and\040Index\040Composition}{section.3.2}% 41
\BOOKMARK [2][]{subsection.3.2.2}{3.2.2\040Inclusion\040Criteria:\040Market\040Capitalization,\040Liquidity,\040and\040Stock\040Connect\040Accessibility}{section.3.2}% 42
\BOOKMARK [2][]{subsection.3.2.3}{3.2.3\040Pre-Announcement\040and\040Phased\040Implementation\040Timeline}{section.3.2}% 43
\BOOKMARK [2][]{subsection.3.2.4}{3.2.4\040Phase\040I\040\(June\0402018\):\040234\040Large-Cap\040A-Shares\040at\0405\045\040Inclusion\040Factor}{section.3.2}% 44
\BOOKMARK [2][]{subsection.3.2.5}{3.2.5\040Phase\040II\040\(November\0402019\):\040Expansion\040to\040472\040Securities\040at\04020\045\040Factor}{section.3.2}% 45
\BOOKMARK [2][]{subsection.3.2.6}{3.2.6\040Quasi-Experimental\040Properties\040of\040the\040Inclusion\040Design}{section.3.2}% 46
\BOOKMARK [1][]{section.3.3}{3.3\040Hypothesis\040Development}{chapter.3}% 47
\BOOKMARK [2][]{subsection.3.3.1}{3.3.1\040Main\040Effect:\040Direct\040Impact\040of\040Capital\040Market\040Liberalization\040on\040Digital\040Transformation}{section.3.3}% 48
\BOOKMARK [2][]{subsection.3.3.2}{3.3.2\040Impact\040Mechanism:\040Three\040Transmission\040Channels\040from\040Liberalization\040to\040Digital\040Transformation}{section.3.3}% 49
\BOOKMARK [2][]{subsection.3.3.3}{3.3.3\040Impact\040Heterogeneity:\040Regional,\040Industry,\040and\040Firm-Level\040Moderation}{section.3.3}% 50
\BOOKMARK [0][]{chapter.4}{Chapter\0404\040\040Research\040Design\040I:\040Causal\040Identification\040of\040Capital\040Market\040Liberalization\040Effects}{}% 51
\BOOKMARK [1][]{section.4.1}{4.1\040Sample\040and\040Data\040Source}{chapter.4}% 52
\BOOKMARK [2][]{subsection.4.1.1}{4.1.1\040CSMAR\040Financial\040and\040Corporate\040Governance\040Database}{section.4.1}% 53
\BOOKMARK [2][]{subsection.4.1.2}{4.1.2\040MSCI\040Emerging\040Markets\040Index\040Constituent\040Lists}{section.4.1}% 54
\BOOKMARK [2][]{subsection.4.1.3}{\376\377\0004\000.\0001\000.\0003\000\040\000S\000a\000m\000p\000l\000e\000\040\000P\000e\000r\000i\000o\000d\000:\000\040\0002\0000\0001\0000\040\023\0002\0000\0002\0002}{section.4.1}% 55
\BOOKMARK [2][]{subsection.4.1.4}{4.1.4\040Exclusion\040Criteria:\040Financial\040Institutions\040and\040Regulated\040Utilities}{section.4.1}% 56
\BOOKMARK [2][]{subsection.4.1.5}{4.1.5\040Treatment\040Assignment:\040MSCI\040Constituent\040Identification}{section.4.1}% 57
\BOOKMARK [2][]{subsection.4.1.6}{4.1.6\040Final\040Sample:\04035,264\040Firm-Year\040Observations,\0402,712\040Unique\040Firms}{section.4.1}% 58
\BOOKMARK [1][]{section.4.2}{4.2\040Model\040Design}{chapter.4}% 59
\BOOKMARK [2][]{subsection.4.2.1}{4.2.1\040The\040Natural\040Experiment:\040Exogeneity\040and\040Identification\040Logic}{section.4.2}% 60
\BOOKMARK [2][]{subsection.4.2.2}{4.2.2\040Two-way\040fixed\040effects\040difference-in-differences\040specification}{section.4.2}% 61
\BOOKMARK [2][]{subsection.4.2.3}{4.2.3\040Event\040Study\040Design\040and\040Dynamic\040Treatment\040Indicators}{section.4.2}% 62
\BOOKMARK [2][]{subsection.4.2.4}{4.2.4\040Propensity\040score\040matching\040difference-in-differences\040\(PSM-DID\)}{section.4.2}% 63
\BOOKMARK [2][]{subsection.4.2.5}{4.2.5\040Threats\040to\040Identification\040and\040Mitigation\040Strategies}{section.4.2}% 64
\BOOKMARK [1][]{section.4.3}{4.3\040Data\040Descriptions\040and\040Descriptive\040Statistics}{chapter.4}% 65
\BOOKMARK [2][]{subsection.4.3.1}{4.3.1\040Variable\040Definition}{section.4.3}% 66
\BOOKMARK [2][]{subsection.4.3.2}{4.3.2\040Measurement\040of\040Variables}{section.4.3}% 67
\BOOKMARK [2][]{subsection.4.3.3}{4.3.3\040Descriptive\040Statistics\040and\040Pre-Treatment\040Group\040Comparisons}{section.4.3}% 68
\BOOKMARK [0][]{chapter.5}{Chapter\0405\040\040Research\040Design\040II:\040Computational\040Text\040Analysis\040of\040Digital\040Transformation}{}% 69
\BOOKMARK [1][]{section.5.1}{5.1\040Motivation:\040Why\040Text-Based\040Measurement\040for\040Digital\040Transformation?}{chapter.5}% 70
\BOOKMARK [2][]{subsection.5.1.1}{5.1.1\040Limitations\040of\040Traditional\040Proxies:\040IT\040Expenditure\040and\040Patent\040Counts}{section.5.1}% 71
\BOOKMARK [2][]{subsection.5.1.2}{5.1.2\040The\040Case\040for\040Computational\040Analysis\040of\040Annual\040Report\040Disclosures}{section.5.1}% 72
\BOOKMARK [1][]{section.5.2}{5.2\040Annual\040Report\040Corpus\040and\040Document\040Processing}{chapter.5}% 73
\BOOKMARK [2][]{subsection.5.2.1}{5.2.1\040Data\040Source:\040CSMAR\040Text\040Analysis\040Module}{section.5.2}% 74
\BOOKMARK [2][]{subsection.5.2.2}{5.2.2\040Scope\040and\040Coverage\040of\040the\040Annual\040Report\040Corpus}{section.5.2}% 75
\BOOKMARK [2][]{subsection.5.2.3}{5.2.3\040Document\040Pre-Processing\040and\040Narrative\040Section\040Extraction}{section.5.2}% 76
\BOOKMARK [1][]{section.5.3}{5.3\040Chinese\040Text\040Tokenization\040and\040Segmentation}{chapter.5}% 77
\BOOKMARK [2][]{subsection.5.3.1}{5.3.1\040Jieba\040Segmentation\040Algorithm\040for\040Chinese-Language\040Text}{section.5.3}% 78
\BOOKMARK [2][]{subsection.5.3.2}{5.3.2\040Stop\040Word\040Filtering\040and\040Domain-Specific\040Adaptations}{section.5.3}% 79
\BOOKMARK [1][]{section.5.4}{5.4\040Keyword\040Dictionary\040Construction}{chapter.5}% 80
\BOOKMARK [1][]{section.5.5}{5.5\040Index\040Construction\040and\040Aggregation}{chapter.5}% 81
\BOOKMARK [2][]{subsection.5.5.1}{5.5.1\040Technology-Specific\040Sub-Indices}{section.5.5}% 82
\BOOKMARK [2][]{subsection.5.5.2}{5.5.2\040Composite\040Index:\040DT_Comp\040=\040log\(1\040+\040sum\040keywords\)}{section.5.5}% 83
\BOOKMARK [2][]{subsection.5.5.3}{5.5.3\040Logarithmic\040Transformation\040and\040Treatment\040of\040Extreme\040Values}{section.5.5}% 84
\BOOKMARK [1][]{section.5.6}{5.6\040Construct\040Validity\040of\040the\040Computational\040Measure}{chapter.5}% 85
\BOOKMARK [2][]{subsection.5.6.1}{5.6.1\040Correlation\040with\040IT\040Investment\040\(rho\040=\0400.67\)}{section.5.6}% 86
\BOOKMARK [2][]{subsection.5.6.2}{5.6.2\040Correlation\040with\040Digital\040Patent\040Applications\040\(rho\040=\0400.71\)}{section.5.6}% 87
\BOOKMARK [2][]{subsection.5.6.3}{5.6.3\040Sensitivity\040Analysis\040Across\040Alternative\040Algorithmic\040Specifications}{section.5.6}% 88
\BOOKMARK [1][]{section.5.7}{5.7\040Disclosure\040Verbosity\040and\040Strategic\040Disclosure\040Bias}{chapter.5}% 89
\BOOKMARK [2][]{subsection.5.7.1}{5.7.1\040Normalized\040Measures:\040Keyword\040Counts\040Scaled\040by\040Report\040Length}{section.5.7}% 90
\BOOKMARK [2][]{subsection.5.7.2}{5.7.2\040Direct\040Controls\040for\040Disclosure\040Length\040in\040Regression\040Specifications}{section.5.7}% 91
\BOOKMARK [2][]{subsection.5.7.3}{5.7.3\040Residual\040Limitations\040and\040Scope\040of\040the\040Computational\040Approach}{section.5.7}% 92
\BOOKMARK [0][]{chapter.6}{Chapter\0406\040\040Empirical\040Results\040and\040Discussion}{}% 93
\BOOKMARK [1][]{section.6.1}{6.1\040Baseline\040Regression\040Results}{chapter.6}% 94
\BOOKMARK [2][]{subsection.6.1.1}{6.1.1\040Main\040Effect}{section.6.1}% 95
\BOOKMARK [2][]{subsection.6.1.2}{6.1.2\040Stability\040Across\040Specifications\040and\040Control\040Sets}{section.6.1}% 96
\BOOKMARK [2][]{subsection.6.1.3}{6.1.3\040Economic\040Interpretation\040and\040Practical\040Significance}{section.6.1}% 97
\BOOKMARK [1][]{section.6.2}{6.2\040Event\040Study\040and\040Dynamic\040Treatment\040Effects}{chapter.6}% 98
\BOOKMARK [2][]{subsection.6.2.1}{6.2.1\040Mean\040Digital\040Transformation\040Outcomes\040for\040Treated\040vs.\040Control\040Firms}{section.6.2}% 99
\BOOKMARK [2][]{subsection.6.2.2}{6.2.2\040Dynamic\040Treatment\040Effect}{section.6.2}% 100
\BOOKMARK [2][]{subsection.6.2.3}{6.2.3\040Pre-Treatment\040Parallel\040Trends\040Validation}{section.6.2}% 101
\BOOKMARK [2][]{subsection.6.2.4}{6.2.4\040Post-Treatment\040Dynamics:\040Persistence\040and\040Accumulation\040of\040Effects}{section.6.2}% 102
\BOOKMARK [1][]{section.6.3}{6.3\040Robustness\040and\040Endogeneity\040Tests}{chapter.6}% 103
\BOOKMARK [2][]{subsection.6.3.1}{6.3.1\040Parallel\040Trend\040Test}{section.6.3}% 104
\BOOKMARK [2][]{subsection.6.3.2}{6.3.2\040Placebo\040Test}{section.6.3}% 105
\BOOKMARK [2][]{subsection.6.3.3}{6.3.3\040PSM-DID}{section.6.3}% 106
\BOOKMARK [2][]{subsection.6.3.4}{6.3.4\040Alternative\040Measures\040of\040Digital\040Transformation}{section.6.3}% 107
\BOOKMARK [2][]{subsection.6.3.5}{6.3.5\040Staggered\040Adoption\040Diagnostics\040and\040Cohort-Specific\040Average\040Treatment\040Effects}{section.6.3}% 108
\BOOKMARK [2][]{subsection.6.3.6}{6.3.6\040Disclosure-Length\040Controls\040and\040Length-Normalized\040Outcome\040Specifications}{section.6.3}% 109
\BOOKMARK [2][]{subsection.6.3.7}{6.3.7\040Alternative\040Clustering\040Strategies\040and\040Sample\040Restriction\040Checks}{section.6.3}% 110
\BOOKMARK [1][]{section.6.4}{6.4\040Heterogeneity\040Analysis}{chapter.6}% 111
\BOOKMARK [2][]{subsection.6.4.1}{6.4.1\040Heterogeneity\040Analysis\040Based\040on\040Area\040Level}{section.6.4}% 112
\BOOKMARK [2][]{subsection.6.4.2}{6.4.2\040Heterogeneity\040Analysis\040Based\040on\040Industry\040Level}{section.6.4}% 113
\BOOKMARK [2][]{subsection.6.4.3}{6.4.3\040Heterogeneity\040Analysis\040Based\040on\040Technology\040Domain}{section.6.4}% 114
\BOOKMARK [2][]{subsection.6.4.4}{6.4.4\040Heterogeneity\040Analysis\040Based\040on\040Firm\040Characteristics}{section.6.4}% 115
\BOOKMARK [1][]{section.6.5}{6.5\040Mechanism\040Evidence}{chapter.6}% 116
\BOOKMARK [2][]{subsection.6.5.1}{6.5.1\040Financing\040Constraint\040Channel}{section.6.5}% 117
\BOOKMARK [2][]{subsection.6.5.2}{6.5.2\040Governance\040Channel}{section.6.5}% 118
\BOOKMARK [2][]{subsection.6.5.3}{6.5.3\040Knowledge\040Spillover\040Channel}{section.6.5}% 119
\BOOKMARK [1][]{section.6.6}{6.6\040Discussion}{chapter.6}% 120
\BOOKMARK [2][]{subsection.6.6.1}{6.6.1\040Interpretation\040of\040Main\040Findings}{section.6.6}% 121
\BOOKMARK [2][]{subsection.6.6.2}{6.6.2\040Implications\040for\040the\040Capital\040Market\040Liberalization\040Literature}{section.6.6}% 122
\BOOKMARK [2][]{subsection.6.6.3}{6.6.3\040Policy\040Implications}{section.6.6}% 123
\BOOKMARK [0][]{chapter.7}{Chapter\0407\040\040Conclusion}{}% 124
\BOOKMARK [1][]{section.7.1}{7.1\040Summary\040of\040Main\040Findings}{chapter.7}% 125
\BOOKMARK [1][]{section.7.2}{7.2\040Contributions}{chapter.7}% 126
\BOOKMARK [1][]{section.7.3}{7.3\040Limitations}{chapter.7}% 127
\BOOKMARK [1][]{section.7.4}{7.4\040Future\040Work}{chapter.7}% 128
\BOOKMARK [1][]{bookmark:References.1}{References}{chapter.7}% 129
\BOOKMARK [1][]{bookmark:Acknowledgements.1}{Acknowledgements}{chapter.7}% 130
\BOOKMARK [0][]{section*.38}{Appendix}{}% 131
\BOOKMARK [1][]{section.Alph0.1}{1\040Exploratory\040Knowledge\040Spillover\040Proxy\040Test}{section*.38}% 132
